<?xml version="1.0" encoding="UTF-8"?>
<testng-results skipped="0" failed="0" ignored="0" total="0" passed="0">
  <reporter-output>
  </reporter-output>
  <suite name="index_demo_com.tutorialninja.AppTest" duration-ms="11" started-at="2023-04-30T11:50:16 BST" finished-at="2023-04-30T11:50:16 BST">
    <groups>
    </groups>
    <test name="Command line test" duration-ms="11" started-at="2023-04-30T11:50:16 BST" finished-at="2023-04-30T11:50:16 BST">
    </test> <!-- Command line test -->
  </suite> <!-- index_demo_com.tutorialninja.AppTest -->
</testng-results>
